{"/home/martiel/Documentos/GitHub/sascar-sdk/src/client.ts": {"path":"/home/martiel/Documentos/GitHub/sascar-sdk/src/client.ts","statementMap":{"0":{"start":{"line":1,"column":0},"end":{"line":1,"column":56}},"1":{"start":{"line":2,"column":0},"end":{"line":2,"column":37}},"2":{"start":{"line":3,"column":0},"end":{"line":3,"column":65}},"3":{"start":{"line":9,"column":20},"end":{"line":9,"column":85}},"4":{"start":{"line":10,"column":27},"end":{"line":10,"column":43}},"5":{"start":{"line":11,"column":19},"end":{"line":11,"column":82}},"6":{"start":{"line":14,"column":4},"end":{"line":14,"column":76}},"7":{"start":{"line":15,"column":4},"end":{"line":15,"column":70}},"8":{"start":{"line":17,"column":4},"end":{"line":19,"column":5}},"9":{"start":{"line":18,"column":6},"end":{"line":18,"column":63}},"10":{"start":{"line":23,"column":20},"end":{"line":27,"column":6}},"11":{"start":{"line":29,"column":21},"end":{"line":42,"column":6}},"12":{"start":{"line":44,"column":4},"end":{"line":44,"column":35}},"13":{"start":{"line":48,"column":16},"end":{"line":48,"column":58}},"14":{"start":{"line":50,"column":20},"end":{"line":99,"column":5}},"15":{"start":{"line":52,"column":6},"end":{"line":63,"column":7}},"16":{"start":{"line":53,"column":8},"end":{"line":60,"column":11}},"17":{"start":{"line":62,"column":8},"end":{"line":62,"column":88}},"18":{"start":{"line":65,"column":19},"end":{"line":65,"column":40}},"19":{"start":{"line":66,"column":21},"end":{"line":66,"column":44}},"20":{"start":{"line":68,"column":6},"end":{"line":70,"column":7}},"21":{"start":{"line":69,"column":8},"end":{"line":69,"column":99}},"22":{"start":{"line":72,"column":27},"end":{"line":72,"column":75}},"23":{"start":{"line":73,"column":6},"end":{"line":75,"column":7}},"24":{"start":{"line":74,"column":8},"end":{"line":74,"column":74}},"25":{"start":{"line":77,"column":19},"end":{"line":77,"column":38}},"26":{"start":{"line":79,"column":6},"end":{"line":79,"column":51}},"27":{"start":{"line":79,"column":19},"end":{"line":79,"column":51}},"28":{"start":{"line":82,"column":24},"end":{"line":89,"column":7}},"29":{"start":{"line":83,"column":8},"end":{"line":87,"column":9}},"30":{"start":{"line":84,"column":10},"end":{"line":86,"column":23}},"31":{"start":{"line":85,"column":14},"end":{"line":85,"column":38}},"32":{"start":{"line":88,"column":8},"end":{"line":88,"column":20}},"33":{"start":{"line":91,"column":6},"end":{"line":95,"column":7}},"34":{"start":{"line":92,"column":8},"end":{"line":92,"column":39}},"35":{"start":{"line":94,"column":8},"end":{"line":94,"column":37}},"36":{"start":{"line":98,"column":6},"end":{"line":98,"column":42}},"37":{"start":{"line":101,"column":4},"end":{"line":103,"column":5}},"38":{"start":{"line":102,"column":6},"end":{"line":102,"column":50}},"39":{"start":{"line":104,"column":4},"end":{"line":104,"column":21}},"40":{"start":{"line":110,"column":4},"end":{"line":110,"column":79}},"41":{"start":{"line":114,"column":4},"end":{"line":114,"column":90}},"42":{"start":{"line":118,"column":4},"end":{"line":118,"column":65}},"43":{"start":{"line":122,"column":4},"end":{"line":122,"column":90}},"44":{"start":{"line":126,"column":4},"end":{"line":126,"column":81}},"45":{"start":{"line":130,"column":4},"end":{"line":130,"column":85}},"46":{"start":{"line":134,"column":4},"end":{"line":134,"column":81}},"47":{"start":{"line":138,"column":35},"end":{"line":138,"column":37}},"48":{"start":{"line":139,"column":20},"end":{"line":139,"column":34}},"49":{"start":{"line":141,"column":4},"end":{"line":160,"column":5}},"50":{"start":{"line":142,"column":23},"end":{"line":145,"column":10}},"51":{"start":{"line":147,"column":25},"end":{"line":147,"column":82}},"52":{"start":{"line":149,"column":8},"end":{"line":151,"column":9}},"53":{"start":{"line":150,"column":12},"end":{"line":150,"column":18}},"54":{"start":{"line":153,"column":8},"end":{"line":153,"column":51}},"55":{"start":{"line":155,"column":8},"end":{"line":157,"column":9}},"56":{"start":{"line":156,"column":12},"end":{"line":156,"column":18}},"57":{"start":{"line":159,"column":8},"end":{"line":159,"column":60}},"58":{"start":{"line":162,"column":4},"end":{"line":162,"column":23}},"59":{"start":{"line":166,"column":4},"end":{"line":166,"column":101}},"60":{"start":{"line":170,"column":4},"end":{"line":170,"column":84}},"61":{"start":{"line":174,"column":4},"end":{"line":174,"column":91}},"62":{"start":{"line":178,"column":4},"end":{"line":178,"column":70}},"63":{"start":{"line":182,"column":4},"end":{"line":182,"column":79}},"64":{"start":{"line":186,"column":4},"end":{"line":186,"column":87}},"65":{"start":{"line":190,"column":4},"end":{"line":190,"column":109}},"66":{"start":{"line":194,"column":4},"end":{"line":194,"column":80}},"67":{"start":{"line":198,"column":4},"end":{"line":198,"column":72}},"68":{"start":{"line":202,"column":4},"end":{"line":202,"column":70}},"69":{"start":{"line":208,"column":4},"end":{"line":208,"column":77}},"70":{"start":{"line":212,"column":4},"end":{"line":212,"column":89}},"71":{"start":{"line":216,"column":4},"end":{"line":216,"column":61}},"72":{"start":{"line":220,"column":4},"end":{"line":220,"column":82}},"73":{"start":{"line":224,"column":4},"end":{"line":224,"column":126}},"74":{"start":{"line":228,"column":4},"end":{"line":228,"column":91}},"75":{"start":{"line":232,"column":4},"end":{"line":232,"column":72}},"76":{"start":{"line":236,"column":4},"end":{"line":236,"column":63}},"77":{"start":{"line":240,"column":4},"end":{"line":240,"column":107}},"78":{"start":{"line":244,"column":4},"end":{"line":244,"column":83}},"79":{"start":{"line":248,"column":4},"end":{"line":248,"column":96}},"80":{"start":{"line":252,"column":4},"end":{"line":252,"column":114}},"81":{"start":{"line":256,"column":4},"end":{"line":256,"column":57}},"82":{"start":{"line":262,"column":4},"end":{"line":262,"column":91}},"83":{"start":{"line":266,"column":4},"end":{"line":266,"column":96}},"84":{"start":{"line":270,"column":4},"end":{"line":270,"column":100}},"85":{"start":{"line":274,"column":4},"end":{"line":274,"column":105}},"86":{"start":{"line":278,"column":4},"end":{"line":278,"column":108}},"87":{"start":{"line":282,"column":4},"end":{"line":282,"column":104}},"88":{"start":{"line":286,"column":4},"end":{"line":286,"column":100}},"89":{"start":{"line":290,"column":4},"end":{"line":290,"column":120}},"90":{"start":{"line":294,"column":4},"end":{"line":294,"column":126}},"91":{"start":{"line":298,"column":4},"end":{"line":298,"column":131}},"92":{"start":{"line":302,"column":4},"end":{"line":302,"column":121}},"93":{"start":{"line":306,"column":4},"end":{"line":306,"column":117}},"94":{"start":{"line":310,"column":4},"end":{"line":310,"column":122}},"95":{"start":{"line":314,"column":4},"end":{"line":314,"column":95}},"96":{"start":{"line":318,"column":4},"end":{"line":318,"column":94}},"97":{"start":{"line":322,"column":4},"end":{"line":322,"column":99}},"98":{"start":{"line":326,"column":4},"end":{"line":326,"column":116}},"99":{"start":{"line":330,"column":4},"end":{"line":330,"column":122}},"100":{"start":{"line":334,"column":4},"end":{"line":334,"column":109}},"101":{"start":{"line":343,"column":4},"end":{"line":343,"column":138}},"102":{"start":{"line":347,"column":4},"end":{"line":347,"column":145}},"103":{"start":{"line":351,"column":4},"end":{"line":351,"column":165}},"104":{"start":{"line":355,"column":4},"end":{"line":355,"column":172}},"105":{"start":{"line":359,"column":4},"end":{"line":359,"column":133}},"106":{"start":{"line":363,"column":4},"end":{"line":363,"column":93}},"107":{"start":{"line":367,"column":4},"end":{"line":367,"column":126}},"108":{"start":{"line":371,"column":4},"end":{"line":371,"column":175}},"109":{"start":{"line":380,"column":4},"end":{"line":380,"column":119}},"110":{"start":{"line":384,"column":4},"end":{"line":384,"column":109}},"111":{"start":{"line":6,"column":0},"end":{"line":6,"column":13}}},"fnMap":{"0":{"name":"(anonymous_0)","decl":{"start":{"line":13,"column":2},"end":{"line":13,"column":14}},"loc":{"start":{"line":13,"column":47},"end":{"line":20,"column":3}}},"1":{"name":"(anonymous_1)","decl":{"start":{"line":22,"column":10},"end":{"line":22,"column":27}},"loc":{"start":{"line":22,"column":60},"end":{"line":45,"column":3}}},"2":{"name":"(anonymous_2)","decl":{"start":{"line":47,"column":10},"end":{"line":47,"column":15}},"loc":{"start":{"line":47,"column":95},"end":{"line":105,"column":3}}},"3":{"name":"(anonymous_3)","decl":{"start":{"line":50,"column":20},"end":{"line":50,"column":25}},"loc":{"start":{"line":50,"column":31},"end":{"line":99,"column":5}}},"4":{"name":"(anonymous_4)","decl":{"start":{"line":82,"column":24},"end":{"line":82,"column":25}},"loc":{"start":{"line":82,"column":38},"end":{"line":89,"column":7}}},"5":{"name":"(anonymous_5)","decl":{"start":{"line":109,"column":2},"end":{"line":109,"column":7}},"loc":{"start":{"line":109,"column":60},"end":{"line":111,"column":3}}},"6":{"name":"(anonymous_6)","decl":{"start":{"line":113,"column":2},"end":{"line":113,"column":7}},"loc":{"start":{"line":113,"column":68},"end":{"line":115,"column":3}}},"7":{"name":"(anonymous_7)","decl":{"start":{"line":117,"column":2},"end":{"line":117,"column":7}},"loc":{"start":{"line":117,"column":27},"end":{"line":119,"column":3}}},"8":{"name":"(anonymous_8)","decl":{"start":{"line":121,"column":2},"end":{"line":121,"column":7}},"loc":{"start":{"line":121,"column":51},"end":{"line":123,"column":3}}},"9":{"name":"(anonymous_9)","decl":{"start":{"line":125,"column":2},"end":{"line":125,"column":7}},"loc":{"start":{"line":125,"column":59},"end":{"line":127,"column":3}}},"10":{"name":"(anonymous_10)","decl":{"start":{"line":129,"column":2},"end":{"line":129,"column":7}},"loc":{"start":{"line":129,"column":61},"end":{"line":131,"column":3}}},"11":{"name":"(anonymous_11)","decl":{"start":{"line":133,"column":2},"end":{"line":133,"column":7}},"loc":{"start":{"line":133,"column":59},"end":{"line":135,"column":3}}},"12":{"name":"(anonymous_12)","decl":{"start":{"line":137,"column":2},"end":{"line":137,"column":7}},"loc":{"start":{"line":137,"column":63},"end":{"line":163,"column":3}}},"13":{"name":"(anonymous_13)","decl":{"start":{"line":165,"column":2},"end":{"line":165,"column":7}},"loc":{"start":{"line":165,"column":69},"end":{"line":167,"column":3}}},"14":{"name":"(anonymous_14)","decl":{"start":{"line":169,"column":2},"end":{"line":169,"column":7}},"loc":{"start":{"line":169,"column":47},"end":{"line":171,"column":3}}},"15":{"name":"(anonymous_15)","decl":{"start":{"line":173,"column":2},"end":{"line":173,"column":7}},"loc":{"start":{"line":173,"column":54},"end":{"line":175,"column":3}}},"16":{"name":"(anonymous_16)","decl":{"start":{"line":177,"column":2},"end":{"line":177,"column":7}},"loc":{"start":{"line":177,"column":29},"end":{"line":179,"column":3}}},"17":{"name":"(anonymous_17)","decl":{"start":{"line":181,"column":2},"end":{"line":181,"column":7}},"loc":{"start":{"line":181,"column":33},"end":{"line":183,"column":3}}},"18":{"name":"(anonymous_18)","decl":{"start":{"line":185,"column":2},"end":{"line":185,"column":7}},"loc":{"start":{"line":185,"column":63},"end":{"line":187,"column":3}}},"19":{"name":"(anonymous_19)","decl":{"start":{"line":189,"column":2},"end":{"line":189,"column":7}},"loc":{"start":{"line":189,"column":78},"end":{"line":191,"column":3}}},"20":{"name":"(anonymous_20)","decl":{"start":{"line":193,"column":2},"end":{"line":193,"column":7}},"loc":{"start":{"line":193,"column":34},"end":{"line":195,"column":3}}},"21":{"name":"(anonymous_21)","decl":{"start":{"line":197,"column":2},"end":{"line":197,"column":7}},"loc":{"start":{"line":197,"column":30},"end":{"line":199,"column":3}}},"22":{"name":"(anonymous_22)","decl":{"start":{"line":201,"column":2},"end":{"line":201,"column":7}},"loc":{"start":{"line":201,"column":32},"end":{"line":203,"column":3}}},"23":{"name":"(anonymous_23)","decl":{"start":{"line":207,"column":2},"end":{"line":207,"column":7}},"loc":{"start":{"line":207,"column":41},"end":{"line":209,"column":3}}},"24":{"name":"(anonymous_24)","decl":{"start":{"line":211,"column":2},"end":{"line":211,"column":7}},"loc":{"start":{"line":211,"column":53},"end":{"line":213,"column":3}}},"25":{"name":"(anonymous_25)","decl":{"start":{"line":215,"column":2},"end":{"line":215,"column":7}},"loc":{"start":{"line":215,"column":24},"end":{"line":217,"column":3}}},"26":{"name":"(anonymous_26)","decl":{"start":{"line":219,"column":2},"end":{"line":219,"column":7}},"loc":{"start":{"line":219,"column":46},"end":{"line":221,"column":3}}},"27":{"name":"(anonymous_27)","decl":{"start":{"line":223,"column":2},"end":{"line":223,"column":7}},"loc":{"start":{"line":223,"column":99},"end":{"line":225,"column":3}}},"28":{"name":"(anonymous_28)","decl":{"start":{"line":227,"column":2},"end":{"line":227,"column":7}},"loc":{"start":{"line":227,"column":49},"end":{"line":229,"column":3}}},"29":{"name":"(anonymous_29)","decl":{"start":{"line":231,"column":2},"end":{"line":231,"column":7}},"loc":{"start":{"line":231,"column":41},"end":{"line":233,"column":3}}},"30":{"name":"(anonymous_30)","decl":{"start":{"line":235,"column":2},"end":{"line":235,"column":7}},"loc":{"start":{"line":235,"column":34},"end":{"line":237,"column":3}}},"31":{"name":"(anonymous_31)","decl":{"start":{"line":239,"column":2},"end":{"line":239,"column":7}},"loc":{"start":{"line":239,"column":87},"end":{"line":241,"column":3}}},"32":{"name":"(anonymous_32)","decl":{"start":{"line":243,"column":2},"end":{"line":243,"column":7}},"loc":{"start":{"line":243,"column":35},"end":{"line":245,"column":3}}},"33":{"name":"(anonymous_33)","decl":{"start":{"line":247,"column":2},"end":{"line":247,"column":7}},"loc":{"start":{"line":247,"column":71},"end":{"line":249,"column":3}}},"34":{"name":"(anonymous_34)","decl":{"start":{"line":251,"column":2},"end":{"line":251,"column":7}},"loc":{"start":{"line":251,"column":92},"end":{"line":253,"column":3}}},"35":{"name":"(anonymous_35)","decl":{"start":{"line":255,"column":2},"end":{"line":255,"column":7}},"loc":{"start":{"line":255,"column":22},"end":{"line":257,"column":3}}},"36":{"name":"(anonymous_36)","decl":{"start":{"line":261,"column":2},"end":{"line":261,"column":7}},"loc":{"start":{"line":261,"column":45},"end":{"line":263,"column":3}}},"37":{"name":"(anonymous_37)","decl":{"start":{"line":265,"column":2},"end":{"line":265,"column":7}},"loc":{"start":{"line":265,"column":49},"end":{"line":267,"column":3}}},"38":{"name":"(anonymous_38)","decl":{"start":{"line":269,"column":2},"end":{"line":269,"column":7}},"loc":{"start":{"line":269,"column":54},"end":{"line":271,"column":3}}},"39":{"name":"(anonymous_39)","decl":{"start":{"line":273,"column":2},"end":{"line":273,"column":7}},"loc":{"start":{"line":273,"column":58},"end":{"line":275,"column":3}}},"40":{"name":"(anonymous_40)","decl":{"start":{"line":277,"column":2},"end":{"line":277,"column":7}},"loc":{"start":{"line":277,"column":62},"end":{"line":279,"column":3}}},"41":{"name":"(anonymous_41)","decl":{"start":{"line":281,"column":2},"end":{"line":281,"column":7}},"loc":{"start":{"line":281,"column":57},"end":{"line":283,"column":3}}},"42":{"name":"(anonymous_42)","decl":{"start":{"line":285,"column":2},"end":{"line":285,"column":7}},"loc":{"start":{"line":285,"column":53},"end":{"line":287,"column":3}}},"43":{"name":"(anonymous_43)","decl":{"start":{"line":289,"column":2},"end":{"line":289,"column":7}},"loc":{"start":{"line":289,"column":82},"end":{"line":291,"column":3}}},"44":{"name":"(anonymous_44)","decl":{"start":{"line":293,"column":2},"end":{"line":293,"column":7}},"loc":{"start":{"line":293,"column":96},"end":{"line":295,"column":3}}},"45":{"name":"(anonymous_45)","decl":{"start":{"line":297,"column":2},"end":{"line":297,"column":7}},"loc":{"start":{"line":297,"column":100},"end":{"line":299,"column":3}}},"46":{"name":"(anonymous_46)","decl":{"start":{"line":301,"column":2},"end":{"line":301,"column":7}},"loc":{"start":{"line":301,"column":93},"end":{"line":303,"column":3}}},"47":{"name":"(anonymous_47)","decl":{"start":{"line":305,"column":2},"end":{"line":305,"column":7}},"loc":{"start":{"line":305,"column":87},"end":{"line":307,"column":3}}},"48":{"name":"(anonymous_48)","decl":{"start":{"line":309,"column":2},"end":{"line":309,"column":7}},"loc":{"start":{"line":309,"column":91},"end":{"line":311,"column":3}}},"49":{"name":"(anonymous_49)","decl":{"start":{"line":313,"column":2},"end":{"line":313,"column":7}},"loc":{"start":{"line":313,"column":48},"end":{"line":315,"column":3}}},"50":{"name":"(anonymous_50)","decl":{"start":{"line":317,"column":2},"end":{"line":317,"column":7}},"loc":{"start":{"line":317,"column":46},"end":{"line":319,"column":3}}},"51":{"name":"(anonymous_51)","decl":{"start":{"line":321,"column":2},"end":{"line":321,"column":7}},"loc":{"start":{"line":321,"column":51},"end":{"line":323,"column":3}}},"52":{"name":"(anonymous_52)","decl":{"start":{"line":325,"column":2},"end":{"line":325,"column":7}},"loc":{"start":{"line":325,"column":84},"end":{"line":327,"column":3}}},"53":{"name":"(anonymous_53)","decl":{"start":{"line":329,"column":2},"end":{"line":329,"column":7}},"loc":{"start":{"line":329,"column":90},"end":{"line":331,"column":3}}},"54":{"name":"(anonymous_54)","decl":{"start":{"line":333,"column":2},"end":{"line":333,"column":7}},"loc":{"start":{"line":333,"column":61},"end":{"line":335,"column":3}}},"55":{"name":"(anonymous_55)","decl":{"start":{"line":342,"column":2},"end":{"line":342,"column":7}},"loc":{"start":{"line":342,"column":112},"end":{"line":344,"column":3}}},"56":{"name":"(anonymous_56)","decl":{"start":{"line":346,"column":2},"end":{"line":346,"column":7}},"loc":{"start":{"line":346,"column":119},"end":{"line":348,"column":3}}},"57":{"name":"(anonymous_57)","decl":{"start":{"line":350,"column":2},"end":{"line":350,"column":7}},"loc":{"start":{"line":350,"column":159},"end":{"line":352,"column":3}}},"58":{"name":"(anonymous_58)","decl":{"start":{"line":354,"column":2},"end":{"line":354,"column":7}},"loc":{"start":{"line":354,"column":166},"end":{"line":356,"column":3}}},"59":{"name":"(anonymous_59)","decl":{"start":{"line":358,"column":2},"end":{"line":358,"column":7}},"loc":{"start":{"line":358,"column":119},"end":{"line":360,"column":3}}},"60":{"name":"(anonymous_60)","decl":{"start":{"line":362,"column":2},"end":{"line":362,"column":7}},"loc":{"start":{"line":362,"column":38},"end":{"line":364,"column":3}}},"61":{"name":"(anonymous_61)","decl":{"start":{"line":366,"column":2},"end":{"line":366,"column":7}},"loc":{"start":{"line":366,"column":111},"end":{"line":368,"column":3}}},"62":{"name":"(anonymous_62)","decl":{"start":{"line":370,"column":2},"end":{"line":370,"column":7}},"loc":{"start":{"line":370,"column":178},"end":{"line":372,"column":3}}},"63":{"name":"(anonymous_63)","decl":{"start":{"line":379,"column":2},"end":{"line":379,"column":7}},"loc":{"start":{"line":379,"column":125},"end":{"line":381,"column":3}}},"64":{"name":"(anonymous_64)","decl":{"start":{"line":383,"column":2},"end":{"line":383,"column":7}},"loc":{"start":{"line":383,"column":91},"end":{"line":385,"column":3}}}},"branchMap":{"0":{"loc":{"start":{"line":14,"column":19},"end":{"line":14,"column":75}},"type":"binary-expr","locations":[{"start":{"line":14,"column":19},"end":{"line":14,"column":39}},{"start":{"line":14,"column":43},"end":{"line":14,"column":69}},{"start":{"line":14,"column":73},"end":{"line":14,"column":75}}]},"1":{"loc":{"start":{"line":15,"column":17},"end":{"line":15,"column":69}},"type":"binary-expr","locations":[{"start":{"line":15,"column":17},"end":{"line":15,"column":35}},{"start":{"line":15,"column":39},"end":{"line":15,"column":63}},{"start":{"line":15,"column":67},"end":{"line":15,"column":69}}]},"2":{"loc":{"start":{"line":17,"column":4},"end":{"line":19,"column":5}},"type":"if","locations":[{"start":{"line":17,"column":4},"end":{"line":19,"column":5}}]},"3":{"loc":{"start":{"line":17,"column":8},"end":{"line":17,"column":36}},"type":"binary-expr","locations":[{"start":{"line":17,"column":8},"end":{"line":17,"column":21}},{"start":{"line":17,"column":25},"end":{"line":17,"column":36}}]},"4":{"loc":{"start":{"line":47,"column":53},"end":{"line":47,"column":69}},"type":"default-arg","locations":[{"start":{"line":47,"column":67},"end":{"line":47,"column":69}}]},"5":{"loc":{"start":{"line":47,"column":71},"end":{"line":47,"column":95}},"type":"default-arg","locations":[{"start":{"line":47,"column":90},"end":{"line":47,"column":95}}]},"6":{"loc":{"start":{"line":68,"column":6},"end":{"line":70,"column":7}},"type":"if","locations":[{"start":{"line":68,"column":6},"end":{"line":70,"column":7}}]},"7":{"loc":{"start":{"line":73,"column":6},"end":{"line":75,"column":7}},"type":"if","locations":[{"start":{"line":73,"column":6},"end":{"line":75,"column":7}}]},"8":{"loc":{"start":{"line":79,"column":6},"end":{"line":79,"column":51}},"type":"if","locations":[{"start":{"line":79,"column":6},"end":{"line":79,"column":51}}]},"9":{"loc":{"start":{"line":83,"column":8},"end":{"line":87,"column":9}},"type":"if","locations":[{"start":{"line":83,"column":8},"end":{"line":87,"column":9}}]},"10":{"loc":{"start":{"line":83,"column":12},"end":{"line":83,"column":100}},"type":"binary-expr","locations":[{"start":{"line":83,"column":12},"end":{"line":83,"column":36}},{"start":{"line":83,"column":41},"end":{"line":83,"column":68}},{"start":{"line":83,"column":72},"end":{"line":83,"column":99}}]},"11":{"loc":{"start":{"line":91,"column":6},"end":{"line":95,"column":7}},"type":"if","locations":[{"start":{"line":91,"column":6},"end":{"line":95,"column":7}},{"start":{"line":93,"column":13},"end":{"line":95,"column":7}}]},"12":{"loc":{"start":{"line":101,"column":4},"end":{"line":103,"column":5}},"type":"if","locations":[{"start":{"line":101,"column":4},"end":{"line":103,"column":5}}]},"13":{"loc":{"start":{"line":125,"column":22},"end":{"line":125,"column":39}},"type":"default-arg","locations":[{"start":{"line":125,"column":35},"end":{"line":125,"column":39}}]},"14":{"loc":{"start":{"line":129,"column":24},"end":{"line":129,"column":41}},"type":"default-arg","locations":[{"start":{"line":129,"column":37},"end":{"line":129,"column":41}}]},"15":{"loc":{"start":{"line":133,"column":22},"end":{"line":133,"column":39}},"type":"default-arg","locations":[{"start":{"line":133,"column":35},"end":{"line":133,"column":39}}]},"16":{"loc":{"start":{"line":137,"column":26},"end":{"line":137,"column":43}},"type":"default-arg","locations":[{"start":{"line":137,"column":39},"end":{"line":137,"column":43}}]},"17":{"loc":{"start":{"line":137,"column":45},"end":{"line":137,"column":63}},"type":"default-arg","locations":[{"start":{"line":137,"column":62},"end":{"line":137,"column":63}}]},"18":{"loc":{"start":{"line":144,"column":16},"end":{"line":144,"column":61}},"type":"cond-expr","locations":[{"start":{"line":144,"column":32},"end":{"line":144,"column":56}},{"start":{"line":144,"column":59},"end":{"line":144,"column":61}}]},"19":{"loc":{"start":{"line":147,"column":25},"end":{"line":147,"column":82}},"type":"cond-expr","locations":[{"start":{"line":147,"column":49},"end":{"line":147,"column":55}},{"start":{"line":147,"column":59},"end":{"line":147,"column":81}}]},"20":{"loc":{"start":{"line":147,"column":59},"end":{"line":147,"column":81}},"type":"cond-expr","locations":[{"start":{"line":147,"column":68},"end":{"line":147,"column":76}},{"start":{"line":147,"column":79},"end":{"line":147,"column":81}}]},"21":{"loc":{"start":{"line":149,"column":8},"end":{"line":151,"column":9}},"type":"if","locations":[{"start":{"line":149,"column":8},"end":{"line":151,"column":9}}]},"22":{"loc":{"start":{"line":149,"column":12},"end":{"line":149,"column":74}},"type":"binary-expr","locations":[{"start":{"line":149,"column":12},"end":{"line":149,"column":33}},{"start":{"line":149,"column":37},"end":{"line":149,"column":74}}]},"23":{"loc":{"start":{"line":155,"column":8},"end":{"line":157,"column":9}},"type":"if","locations":[{"start":{"line":155,"column":8},"end":{"line":157,"column":9}}]},"24":{"loc":{"start":{"line":165,"column":32},"end":{"line":165,"column":49}},"type":"default-arg","locations":[{"start":{"line":165,"column":45},"end":{"line":165,"column":49}}]},"25":{"loc":{"start":{"line":185,"column":24},"end":{"line":185,"column":41}},"type":"default-arg","locations":[{"start":{"line":185,"column":37},"end":{"line":185,"column":41}}]},"26":{"loc":{"start":{"line":189,"column":32},"end":{"line":189,"column":49}},"type":"default-arg","locations":[{"start":{"line":189,"column":45},"end":{"line":189,"column":49}}]},"27":{"loc":{"start":{"line":261,"column":28},"end":{"line":261,"column":45}},"type":"default-arg","locations":[{"start":{"line":261,"column":41},"end":{"line":261,"column":45}}]},"28":{"loc":{"start":{"line":265,"column":32},"end":{"line":265,"column":49}},"type":"default-arg","locations":[{"start":{"line":265,"column":45},"end":{"line":265,"column":49}}]},"29":{"loc":{"start":{"line":269,"column":37},"end":{"line":269,"column":54}},"type":"default-arg","locations":[{"start":{"line":269,"column":50},"end":{"line":269,"column":54}}]},"30":{"loc":{"start":{"line":273,"column":41},"end":{"line":273,"column":58}},"type":"default-arg","locations":[{"start":{"line":273,"column":54},"end":{"line":273,"column":58}}]},"31":{"loc":{"start":{"line":277,"column":45},"end":{"line":277,"column":62}},"type":"default-arg","locations":[{"start":{"line":277,"column":58},"end":{"line":277,"column":62}}]},"32":{"loc":{"start":{"line":281,"column":40},"end":{"line":281,"column":57}},"type":"default-arg","locations":[{"start":{"line":281,"column":53},"end":{"line":281,"column":57}}]},"33":{"loc":{"start":{"line":285,"column":37},"end":{"line":285,"column":53}},"type":"default-arg","locations":[{"start":{"line":285,"column":50},"end":{"line":285,"column":53}}]},"34":{"loc":{"start":{"line":289,"column":46},"end":{"line":289,"column":62}},"type":"default-arg","locations":[{"start":{"line":289,"column":59},"end":{"line":289,"column":62}}]},"35":{"loc":{"start":{"line":293,"column":79},"end":{"line":293,"column":96}},"type":"default-arg","locations":[{"start":{"line":293,"column":92},"end":{"line":293,"column":96}}]},"36":{"loc":{"start":{"line":297,"column":83},"end":{"line":297,"column":100}},"type":"default-arg","locations":[{"start":{"line":297,"column":96},"end":{"line":297,"column":100}}]},"37":{"loc":{"start":{"line":305,"column":70},"end":{"line":305,"column":87}},"type":"default-arg","locations":[{"start":{"line":305,"column":83},"end":{"line":305,"column":87}}]},"38":{"loc":{"start":{"line":309,"column":74},"end":{"line":309,"column":91}},"type":"default-arg","locations":[{"start":{"line":309,"column":87},"end":{"line":309,"column":91}}]},"39":{"loc":{"start":{"line":313,"column":31},"end":{"line":313,"column":48}},"type":"default-arg","locations":[{"start":{"line":313,"column":44},"end":{"line":313,"column":48}}]},"40":{"loc":{"start":{"line":317,"column":31},"end":{"line":317,"column":46}},"type":"default-arg","locations":[{"start":{"line":317,"column":42},"end":{"line":317,"column":46}}]},"41":{"loc":{"start":{"line":321,"column":36},"end":{"line":321,"column":51}},"type":"default-arg","locations":[{"start":{"line":321,"column":47},"end":{"line":321,"column":51}}]},"42":{"loc":{"start":{"line":325,"column":69},"end":{"line":325,"column":84}},"type":"default-arg","locations":[{"start":{"line":325,"column":80},"end":{"line":325,"column":84}}]},"43":{"loc":{"start":{"line":329,"column":75},"end":{"line":329,"column":90}},"type":"default-arg","locations":[{"start":{"line":329,"column":86},"end":{"line":329,"column":90}}]},"44":{"loc":{"start":{"line":333,"column":46},"end":{"line":333,"column":61}},"type":"default-arg","locations":[{"start":{"line":333,"column":57},"end":{"line":333,"column":61}}]},"45":{"loc":{"start":{"line":366,"column":33},"end":{"line":366,"column":50}},"type":"default-arg","locations":[{"start":{"line":366,"column":46},"end":{"line":366,"column":50}}]},"46":{"loc":{"start":{"line":370,"column":44},"end":{"line":370,"column":61}},"type":"default-arg","locations":[{"start":{"line":370,"column":57},"end":{"line":370,"column":61}}]}},"s":{"0":1,"1":1,"2":1,"3":9,"4":9,"5":9,"6":9,"7":9,"8":9,"9":1,"10":66,"11":66,"12":66,"13":66,"14":66,"15":66,"16":66,"17":1,"18":65,"19":65,"20":65,"21":1,"22":64,"23":64,"24":1,"25":63,"26":63,"27":2,"28":61,"29":63,"30":15,"31":15,"32":49,"33":61,"34":2,"35":59,"36":61,"37":66,"38":19,"39":47,"40":1,"41":1,"42":1,"43":1,"44":1,"45":2,"46":1,"47":4,"48":4,"49":4,"50":6,"51":3,"52":3,"53":1,"54":2,"55":2,"56":0,"57":2,"58":1,"59":1,"60":1,"61":1,"62":1,"63":1,"64":1,"65":1,"66":1,"67":1,"68":1,"69":1,"70":1,"71":1,"72":1,"73":1,"74":1,"75":1,"76":1,"77":1,"78":1,"79":1,"80":1,"81":1,"82":1,"83":1,"84":1,"85":1,"86":1,"87":1,"88":1,"89":1,"90":1,"91":1,"92":1,"93":1,"94":1,"95":1,"96":1,"97":1,"98":1,"99":1,"100":1,"101":1,"102":1,"103":1,"104":1,"105":1,"106":1,"107":1,"108":1,"109":1,"110":1,"111":1},"f":{"0":9,"1":66,"2":66,"3":66,"4":63,"5":1,"6":1,"7":1,"8":1,"9":1,"10":2,"11":1,"12":4,"13":1,"14":1,"15":1,"16":1,"17":1,"18":1,"19":1,"20":1,"21":1,"22":1,"23":1,"24":1,"25":1,"26":1,"27":1,"28":1,"29":1,"30":1,"31":1,"32":1,"33":1,"34":1,"35":1,"36":1,"37":1,"38":1,"39":1,"40":1,"41":1,"42":1,"43":1,"44":1,"45":1,"46":1,"47":1,"48":1,"49":1,"50":1,"51":1,"52":1,"53":1,"54":1,"55":1,"56":1,"57":1,"58":1,"59":1,"60":1,"61":1,"62":1,"63":1,"64":1},"b":{"0":[9,9,1],"1":[9,9,1],"2":[1],"3":[9,8],"4":[9],"5":[47],"6":[1],"7":[1],"8":[2],"9":[15],"10":[63,15,0],"11":[2,59],"12":[19],"13":[0],"14":[2],"15":[0],"16":[3],"17":[4],"18":[2,4],"19":[3,0],"20":[0,0],"21":[1],"22":[3,2],"23":[0],"24":[0],"25":[0],"26":[0],"27":[1],"28":[1],"29":[1],"30":[1],"31":[1],"32":[1],"33":[1],"34":[1],"35":[1],"36":[1],"37":[1],"38":[1],"39":[1],"40":[1],"41":[1],"42":[1],"43":[1],"44":[1],"45":[1],"46":[1]}}
,"/home/martiel/Documentos/GitHub/sascar-sdk/src/errors.ts": {"path":"/home/martiel/Documentos/GitHub/sascar-sdk/src/errors.ts","statementMap":{"0":{"start":{"line":3,"column":4},"end":{"line":3,"column":19}},"1":{"start":{"line":4,"column":4},"end":{"line":4,"column":40}},"2":{"start":{"line":1,"column":0},"end":{"line":1,"column":13}},"3":{"start":{"line":10,"column":4},"end":{"line":10,"column":19}},"4":{"start":{"line":11,"column":4},"end":{"line":11,"column":39}},"5":{"start":{"line":8,"column":0},"end":{"line":8,"column":13}},"6":{"start":{"line":17,"column":4},"end":{"line":17,"column":19}},"7":{"start":{"line":18,"column":4},"end":{"line":18,"column":33}},"8":{"start":{"line":15,"column":0},"end":{"line":15,"column":13}}},"fnMap":{"0":{"name":"(anonymous_0)","decl":{"start":{"line":2,"column":2},"end":{"line":2,"column":14}},"loc":{"start":{"line":2,"column":29},"end":{"line":5,"column":3}}},"1":{"name":"(anonymous_1)","decl":{"start":{"line":9,"column":2},"end":{"line":9,"column":14}},"loc":{"start":{"line":9,"column":29},"end":{"line":12,"column":3}}},"2":{"name":"(anonymous_2)","decl":{"start":{"line":16,"column":2},"end":{"line":16,"column":14}},"loc":{"start":{"line":16,"column":29},"end":{"line":19,"column":3}}}},"branchMap":{},"s":{"0":1,"1":1,"2":1,"3":1,"4":1,"5":1,"6":2,"7":2,"8":1},"f":{"0":1,"1":1,"2":2},"b":{}}
,"/home/martiel/Documentos/GitHub/sascar-sdk/src/queue.ts": {"path":"/home/martiel/Documentos/GitHub/sascar-sdk/src/queue.ts","statementMap":{"0":{"start":{"line":8,"column":43},"end":{"line":8,"column":45}},"1":{"start":{"line":9,"column":25},"end":{"line":9,"column":30}},"2":{"start":{"line":17,"column":4},"end":{"line":27,"column":7}},"3":{"start":{"line":18,"column":6},"end":{"line":25,"column":9}},"4":{"start":{"line":19,"column":8},"end":{"line":24,"column":9}},"5":{"start":{"line":20,"column":25},"end":{"line":20,"column":37}},"6":{"start":{"line":21,"column":10},"end":{"line":21,"column":26}},"7":{"start":{"line":23,"column":10},"end":{"line":23,"column":24}},"8":{"start":{"line":26,"column":6},"end":{"line":26,"column":26}},"9":{"start":{"line":35,"column":4},"end":{"line":35,"column":34}},"10":{"start":{"line":35,"column":27},"end":{"line":35,"column":34}},"11":{"start":{"line":36,"column":4},"end":{"line":36,"column":29}},"12":{"start":{"line":38,"column":4},"end":{"line":43,"column":5}},"13":{"start":{"line":39,"column":19},"end":{"line":39,"column":37}},"14":{"start":{"line":40,"column":6},"end":{"line":42,"column":7}},"15":{"start":{"line":41,"column":8},"end":{"line":41,"column":21}},"16":{"start":{"line":45,"column":4},"end":{"line":45,"column":30}},"17":{"start":{"line":7,"column":0},"end":{"line":7,"column":13}}},"fnMap":{"0":{"name":"(anonymous_0)","decl":{"start":{"line":16,"column":2},"end":{"line":16,"column":7}},"loc":{"start":{"line":16,"column":41},"end":{"line":28,"column":3}}},"1":{"name":"(anonymous_1)","decl":{"start":{"line":17,"column":26},"end":{"line":17,"column":27}},"loc":{"start":{"line":17,"column":46},"end":{"line":27,"column":5}}},"2":{"name":"(anonymous_2)","decl":{"start":{"line":18,"column":22},"end":{"line":18,"column":27}},"loc":{"start":{"line":18,"column":33},"end":{"line":25,"column":7}}},"3":{"name":"(anonymous_3)","decl":{"start":{"line":34,"column":10},"end":{"line":34,"column":15}},"loc":{"start":{"line":34,"column":28},"end":{"line":46,"column":3}}}},"branchMap":{"0":{"loc":{"start":{"line":35,"column":4},"end":{"line":35,"column":34}},"type":"if","locations":[{"start":{"line":35,"column":4},"end":{"line":35,"column":34}}]},"1":{"loc":{"start":{"line":40,"column":6},"end":{"line":42,"column":7}},"type":"if","locations":[{"start":{"line":40,"column":6},"end":{"line":42,"column":7}}]}},"s":{"0":11,"1":11,"2":26,"3":26,"4":26,"5":26,"6":25,"7":1,"8":26,"9":26,"10":5,"11":21,"12":21,"13":26,"14":26,"15":26,"16":21,"17":2},"f":{"0":26,"1":26,"2":26,"3":26},"b":{"0":[5],"1":[26]}}
}
