TN:
SF:src/client.ts
FN:13,(anonymous_0)
FN:22,(anonymous_1)
FN:47,(anonymous_2)
FN:50,(anonymous_3)
FN:82,(anonymous_4)
FN:109,(anonymous_5)
FN:113,(anonymous_6)
FN:117,(anonymous_7)
FN:121,(anonymous_8)
FN:125,(anonymous_9)
FN:129,(anonymous_10)
FN:133,(anonymous_11)
FN:137,(anonymous_12)
FN:165,(anonymous_13)
FN:169,(anonymous_14)
FN:173,(anonymous_15)
FN:177,(anonymous_16)
FN:181,(anonymous_17)
FN:185,(anonymous_18)
FN:189,(anonymous_19)
FN:193,(anonymous_20)
FN:197,(anonymous_21)
FN:201,(anonymous_22)
FN:207,(anonymous_23)
FN:211,(anonymous_24)
FN:215,(anonymous_25)
FN:219,(anonymous_26)
FN:223,(anonymous_27)
FN:227,(anonymous_28)
FN:231,(anonymous_29)
FN:235,(anonymous_30)
FN:239,(anonymous_31)
FN:243,(anonymous_32)
FN:247,(anonymous_33)
FN:251,(anonymous_34)
FN:255,(anonymous_35)
FN:261,(anonymous_36)
FN:265,(anonymous_37)
FN:269,(anonymous_38)
FN:273,(anonymous_39)
FN:277,(anonymous_40)
FN:281,(anonymous_41)
FN:285,(anonymous_42)
FN:289,(anonymous_43)
FN:293,(anonymous_44)
FN:297,(anonymous_45)
FN:301,(anonymous_46)
FN:305,(anonymous_47)
FN:309,(anonymous_48)
FN:313,(anonymous_49)
FN:317,(anonymous_50)
FN:321,(anonymous_51)
FN:325,(anonymous_52)
FN:329,(anonymous_53)
FN:333,(anonymous_54)
FN:342,(anonymous_55)
FN:346,(anonymous_56)
FN:350,(anonymous_57)
FN:354,(anonymous_58)
FN:358,(anonymous_59)
FN:362,(anonymous_60)
FN:366,(anonymous_61)
FN:370,(anonymous_62)
FN:379,(anonymous_63)
FN:383,(anonymous_64)
FNF:65
FNH:65
FNDA:9,(anonymous_0)
FNDA:66,(anonymous_1)
FNDA:66,(anonymous_2)
FNDA:66,(anonymous_3)
FNDA:63,(anonymous_4)
FNDA:1,(anonymous_5)
FNDA:1,(anonymous_6)
FNDA:1,(anonymous_7)
FNDA:1,(anonymous_8)
FNDA:1,(anonymous_9)
FNDA:2,(anonymous_10)
FNDA:1,(anonymous_11)
FNDA:4,(anonymous_12)
FNDA:1,(anonymous_13)
FNDA:1,(anonymous_14)
FNDA:1,(anonymous_15)
FNDA:1,(anonymous_16)
FNDA:1,(anonymous_17)
FNDA:1,(anonymous_18)
FNDA:1,(anonymous_19)
FNDA:1,(anonymous_20)
FNDA:1,(anonymous_21)
FNDA:1,(anonymous_22)
FNDA:1,(anonymous_23)
FNDA:1,(anonymous_24)
FNDA:1,(anonymous_25)
FNDA:1,(anonymous_26)
FNDA:1,(anonymous_27)
FNDA:1,(anonymous_28)
FNDA:1,(anonymous_29)
FNDA:1,(anonymous_30)
FNDA:1,(anonymous_31)
FNDA:1,(anonymous_32)
FNDA:1,(anonymous_33)
FNDA:1,(anonymous_34)
FNDA:1,(anonymous_35)
FNDA:1,(anonymous_36)
FNDA:1,(anonymous_37)
FNDA:1,(anonymous_38)
FNDA:1,(anonymous_39)
FNDA:1,(anonymous_40)
FNDA:1,(anonymous_41)
FNDA:1,(anonymous_42)
FNDA:1,(anonymous_43)
FNDA:1,(anonymous_44)
FNDA:1,(anonymous_45)
FNDA:1,(anonymous_46)
FNDA:1,(anonymous_47)
FNDA:1,(anonymous_48)
FNDA:1,(anonymous_49)
FNDA:1,(anonymous_50)
FNDA:1,(anonymous_51)
FNDA:1,(anonymous_52)
FNDA:1,(anonymous_53)
FNDA:1,(anonymous_54)
FNDA:1,(anonymous_55)
FNDA:1,(anonymous_56)
FNDA:1,(anonymous_57)
FNDA:1,(anonymous_58)
FNDA:1,(anonymous_59)
FNDA:1,(anonymous_60)
FNDA:1,(anonymous_61)
FNDA:1,(anonymous_62)
FNDA:1,(anonymous_63)
FNDA:1,(anonymous_64)
DA:1,1
DA:2,1
DA:3,1
DA:6,1
DA:9,9
DA:10,9
DA:11,9
DA:14,9
DA:15,9
DA:17,9
DA:18,1
DA:23,66
DA:29,66
DA:44,66
DA:48,66
DA:50,66
DA:52,66
DA:53,66
DA:62,1
DA:65,65
DA:66,65
DA:68,65
DA:69,1
DA:72,64
DA:73,64
DA:74,1
DA:77,63
DA:79,63
DA:82,61
DA:83,63
DA:84,15
DA:85,15
DA:88,49
DA:91,61
DA:92,2
DA:94,59
DA:98,61
DA:101,66
DA:102,19
DA:104,47
DA:110,1
DA:114,1
DA:118,1
DA:122,1
DA:126,1
DA:130,2
DA:134,1
DA:138,4
DA:139,4
DA:141,4
DA:142,6
DA:147,3
DA:149,3
DA:150,1
DA:153,2
DA:155,2
DA:156,0
DA:159,2
DA:162,1
DA:166,1
DA:170,1
DA:174,1
DA:178,1
DA:182,1
DA:186,1
DA:190,1
DA:194,1
DA:198,1
DA:202,1
DA:208,1
DA:212,1
DA:216,1
DA:220,1
DA:224,1
DA:228,1
DA:232,1
DA:236,1
DA:240,1
DA:244,1
DA:248,1
DA:252,1
DA:256,1
DA:262,1
DA:266,1
DA:270,1
DA:274,1
DA:278,1
DA:282,1
DA:286,1
DA:290,1
DA:294,1
DA:298,1
DA:302,1
DA:306,1
DA:310,1
DA:314,1
DA:318,1
DA:322,1
DA:326,1
DA:330,1
DA:334,1
DA:343,1
DA:347,1
DA:351,1
DA:355,1
DA:359,1
DA:363,1
DA:367,1
DA:371,1
DA:380,1
DA:384,1
LF:111
LH:110
BRDA:14,0,0,9
BRDA:14,0,1,9
BRDA:14,0,2,1
BRDA:15,1,0,9
BRDA:15,1,1,9
BRDA:15,1,2,1
BRDA:17,2,0,1
BRDA:17,3,0,9
BRDA:17,3,1,8
BRDA:47,4,0,9
BRDA:47,5,0,47
BRDA:68,6,0,1
BRDA:73,7,0,1
BRDA:79,8,0,2
BRDA:83,9,0,15
BRDA:83,10,0,63
BRDA:83,10,1,15
BRDA:83,10,2,0
BRDA:91,11,0,2
BRDA:91,11,1,59
BRDA:101,12,0,19
BRDA:125,13,0,0
BRDA:129,14,0,2
BRDA:133,15,0,0
BRDA:137,16,0,3
BRDA:137,17,0,4
BRDA:144,18,0,2
BRDA:144,18,1,4
BRDA:147,19,0,3
BRDA:147,19,1,0
BRDA:147,20,0,0
BRDA:147,20,1,0
BRDA:149,21,0,1
BRDA:149,22,0,3
BRDA:149,22,1,2
BRDA:155,23,0,0
BRDA:165,24,0,0
BRDA:185,25,0,0
BRDA:189,26,0,0
BRDA:261,27,0,1
BRDA:265,28,0,1
BRDA:269,29,0,1
BRDA:273,30,0,1
BRDA:277,31,0,1
BRDA:281,32,0,1
BRDA:285,33,0,1
BRDA:289,34,0,1
BRDA:293,35,0,1
BRDA:297,36,0,1
BRDA:305,37,0,1
BRDA:309,38,0,1
BRDA:313,39,0,1
BRDA:317,40,0,1
BRDA:321,41,0,1
BRDA:325,42,0,1
BRDA:329,43,0,1
BRDA:333,44,0,1
BRDA:366,45,0,1
BRDA:370,46,0,1
BRF:59
BRH:49
end_of_record
TN:
SF:src/errors.ts
FN:2,(anonymous_0)
FN:9,(anonymous_1)
FN:16,(anonymous_2)
FNF:3
FNH:3
FNDA:1,(anonymous_0)
FNDA:1,(anonymous_1)
FNDA:2,(anonymous_2)
DA:1,1
DA:3,1
DA:4,1
DA:8,1
DA:10,1
DA:11,1
DA:15,1
DA:17,2
DA:18,2
LF:9
LH:9
BRF:0
BRH:0
end_of_record
TN:
SF:src/queue.ts
FN:16,(anonymous_0)
FN:17,(anonymous_1)
FN:18,(anonymous_2)
FN:34,(anonymous_3)
FNF:4
FNH:4
FNDA:26,(anonymous_0)
FNDA:26,(anonymous_1)
FNDA:26,(anonymous_2)
FNDA:26,(anonymous_3)
DA:7,2
DA:8,11
DA:9,11
DA:17,26
DA:18,26
DA:19,26
DA:20,26
DA:21,25
DA:23,1
DA:26,26
DA:35,26
DA:36,21
DA:38,21
DA:39,26
DA:40,26
DA:41,26
DA:45,21
LF:17
LH:17
BRDA:35,0,0,5
BRDA:40,1,0,26
BRF:2
BRH:2
end_of_record
